<?xml version="1.0" encoding="UTF-8"?>
<!-- Generated by org.testng.reporters.JUnitReportReporter -->
<testsuite hostname="Srinath" name="com.mln.android.Selendroid" tests="1" failures="0" timestamp="9 Aug 2022 13:48:59 GMT" time="4.749" errors="0">
  <testcase name="testToastmsg" time="4.749" classname="com.mln.android.Selendroid"/>
</testsuite> <!-- com.mln.android.Selendroid -->
