<?xml version="1.0" encoding="UTF-8"?>
<!-- Generated by org.testng.reporters.JUnitReportReporter -->
<testsuite hostname="Srinath" name="com.mln.android.Selendroid" tests="1" failures="0" timestamp="6 Aug 2022 03:33:00 GMT" time="21.417" errors="0">
  <testcase name="registerUser" time="21.417" classname="com.mln.android.Selendroid"/>
</testsuite> <!-- com.mln.android.Selendroid -->
