<?xml version="1.0" encoding="UTF-8"?>
<!-- Generated by org.testng.reporters.JUnitReportReporter -->
<testsuite hostname="Srinath" name="com.mln.android.AndriodDemo" tests="1" failures="0" timestamp="10 Aug 2022 16:27:25 GMT" time="4.523" errors="0">
  <testcase name="f" time="4.523" classname="com.mln.android.AndriodDemo"/>
</testsuite> <!-- com.mln.android.AndriodDemo -->
