<?xml version="1.0" encoding="UTF-8"?>
<!-- Generated by org.testng.reporters.JUnitReportReporter -->
<testsuite hostname="Srinath" name="com.mln.android.Selendroid" tests="1" failures="0" timestamp="5 Aug 2022 23:12:28 GMT" time="20.625" errors="0">
  <testcase name="registerUser" time="20.625" classname="com.mln.android.Selendroid"/>
</testsuite> <!-- com.mln.android.Selendroid -->
