<?xml version="1.0" encoding="UTF-8"?>
<!-- Generated by org.testng.reporters.JUnitReportReporter -->
<testsuite hostname="Srinath" name="com.mln.android.Calculator" tests="1" failures="0" timestamp="5 Aug 2022 03:13:48 GMT" time="3.103" errors="0">
  <testcase name="getSum" time="3.103" classname="com.mln.android.Calculator"/>
</testsuite> <!-- com.mln.android.Calculator -->
